

*******************************************************************************
Tue May 10 09:28:44 2022


FIT:    data read from "sumOne.dat"
        format = z
        #datapoints = 10
        residuals are weighted equally (unit weight)

function used for fitting: a*x**2+b*x+c
fitted parameters initialized with current variable values

iter      chisq       delta/lim  lambda   a             b             c            
   0 3.1482957923e+20   0.00e+00  3.24e+09    1.000000e+00   1.000000e+00   1.000000e+00
  14 8.6999279108e-12  -1.46e-06  3.24e-05    2.970070e-16   2.379909e-09   1.092700e-06

After 14 iterations the fit converged.
final sum of squares of residuals : 8.69993e-12
rel. change during last iteration : -1.45649e-11

degrees of freedom    (FIT_NDF)                        : 7
rms of residuals      (FIT_STDFIT) = sqrt(WSSR/ndf)    : 1.11483e-06
variance of residuals (reduced chisquare) = WSSR/ndf   : 1.24285e-12

Final set of parameters            Asymptotic Standard Error
=======================            ==========================
a               = 2.97007e-16      +/- 2.516e-16    (84.7%)
b               = 2.37991e-09      +/- 3.216e-11    (1.352%)
c               = 1.0927e-06       +/- 4.818e-07    (44.09%)

correlation matrix of the fit parameters:
                a      b      c      
a               1.000 
b              -0.962  1.000 
c               0.486 -0.598  1.000 


*******************************************************************************
Tue May 10 09:44:35 2022


FIT:    data read from "sumTwo.dat"
        format = z
        #datapoints = 10
        residuals are weighted equally (unit weight)

function used for fitting: a*x**2+b*x+c
fitted parameters initialized with current variable values

iter      chisq       delta/lim  lambda   a             b             c            
   0 3.1482957923e+20   0.00e+00  3.24e+09    1.000000e+00   1.000000e+00   1.000000e+00
  13 1.0563022536e-05  -2.54e-01  3.24e-04   -7.116364e-14   2.936898e-08   9.813967e-02

After 13 iterations the fit converged.
final sum of squares of residuals : 1.0563e-05
rel. change during last iteration : -2.53933e-06

degrees of freedom    (FIT_NDF)                        : 7
rms of residuals      (FIT_STDFIT) = sqrt(WSSR/ndf)    : 0.00122841
variance of residuals (reduced chisquare) = WSSR/ndf   : 1.509e-06

Final set of parameters            Asymptotic Standard Error
=======================            ==========================
a               = -7.11636e-14     +/- 2.772e-13    (389.5%)
b               = 2.9369e-08       +/- 3.544e-08    (120.7%)
c               = 0.0981397        +/- 0.0005309    (0.541%)

correlation matrix of the fit parameters:
                a      b      c      
a               1.000 
b              -0.962  1.000 
c               0.486 -0.598  1.000 


*******************************************************************************
Tue May 10 09:52:15 2022


FIT:    data read from "sumTwo.dat"
        format = z
        #datapoints = 10
        residuals are weighted equally (unit weight)

function used for fitting: a*x**2+b*x+c
fitted parameters initialized with current variable values

iter      chisq       delta/lim  lambda   a             b             c            
   0 3.1482957923e+20   0.00e+00  3.24e+09    1.000000e+00   1.000000e+00   1.000000e+00
  13 1.0563022536e-05  -2.54e-01  3.24e-04   -7.116364e-14   2.936898e-08   9.813967e-02

After 13 iterations the fit converged.
final sum of squares of residuals : 1.0563e-05
rel. change during last iteration : -2.53933e-06

degrees of freedom    (FIT_NDF)                        : 7
rms of residuals      (FIT_STDFIT) = sqrt(WSSR/ndf)    : 0.00122841
variance of residuals (reduced chisquare) = WSSR/ndf   : 1.509e-06

Final set of parameters            Asymptotic Standard Error
=======================            ==========================
a               = -7.11636e-14     +/- 2.772e-13    (389.5%)
b               = 2.9369e-08       +/- 3.544e-08    (120.7%)
c               = 0.0981397        +/- 0.0005309    (0.541%)

correlation matrix of the fit parameters:
                a      b      c      
a               1.000 
b              -0.962  1.000 
c               0.486 -0.598  1.000 


*******************************************************************************
Sat May 21 22:10:01 2022


FIT:    data read from "sumThree.dat"
        format = z
        #datapoints = 10
        residuals are weighted equally (unit weight)

function used for fitting: a*x**2+b*x+c
fitted parameters initialized with current variable values

iter      chisq       delta/lim  lambda   a             b             c            
   0 5.0372320911e+21   0.00e+00  1.30e+10    1.000000e+00   1.000000e+00   1.000000e+00
  15 5.2381774473e-12  -3.08e-11  1.30e-05   -7.008946e-17   1.366925e-11   1.412624e-05

After 15 iterations the fit converged.
final sum of squares of residuals : 5.23818e-12
rel. change during last iteration : -3.08425e-16

degrees of freedom    (FIT_NDF)                        : 7
rms of residuals      (FIT_STDFIT) = sqrt(WSSR/ndf)    : 8.6505e-07
variance of residuals (reduced chisquare) = WSSR/ndf   : 7.48311e-13

Final set of parameters            Asymptotic Standard Error
=======================            ==========================
a               = -7.00895e-17     +/- 4.88e-17     (69.63%)
b               = 1.36693e-11      +/- 1.248e-11    (91.29%)
c               = 1.41262e-05      +/- 3.739e-07    (2.647%)

correlation matrix of the fit parameters:
                a      b      c      
a               1.000 
b              -0.962  1.000 
c               0.486 -0.598  1.000 
